<?xml version="1.0" encoding="UTF-8"?>
<testng-results ignored="0" total="2" passed="2" failed="0" skipped="0">
  <reporter-output>
  </reporter-output>
  <suite started-at="2024-08-28T12:03:57 IST" name="Master Suite" finished-at="2024-08-28T12:04:18 IST" duration-ms="21062">
    <groups>
      <group name="Master">
        <method signature="TC001_AccountRegistionTest.verify_account_registration()[pri:0, instance:testCases.TC001_AccountRegistionTest@306851c7]" name="verify_account_registration" class="testCases.TC001_AccountRegistionTest"/>
        <method signature="TC002_LoginTest.verify_login()[pri:0, instance:testCases.TC002_LoginTest@12bcd0c0]" name="verify_login" class="testCases.TC002_LoginTest"/>
      </group> <!-- Master -->
      <group name="Sanity">
        <method signature="TC002_LoginTest.verify_login()[pri:0, instance:testCases.TC002_LoginTest@12bcd0c0]" name="verify_login" class="testCases.TC002_LoginTest"/>
      </group> <!-- Sanity -->
      <group name="Regression">
        <method signature="TC001_AccountRegistionTest.verify_account_registration()[pri:0, instance:testCases.TC001_AccountRegistionTest@306851c7]" name="verify_account_registration" class="testCases.TC001_AccountRegistionTest"/>
      </group> <!-- Regression -->
    </groups>
    <test started-at="2024-08-28T12:03:57 IST" name="Test" finished-at="2024-08-28T12:04:18 IST" duration-ms="21062">
      <class name="testCases.TC002_LoginTest">
        <test-method is-config="true" signature="setup(java.lang.String,java.lang.String)[pri:0, instance:testCases.TC002_LoginTest@12bcd0c0]" started-at="2024-08-28T12:04:11 IST" name="setup" finished-at="2024-08-28T12:04:16 IST" duration-ms="4301" status="PASS">
          <params>
            <param index="0">
              <value>
                <![CDATA[Windows]]>
              </value>
            </param>
            <param index="1">
              <value>
                <![CDATA[chrome]]>
              </value>
            </param>
          </params>
          <reporter-output>
          </reporter-output>
        </test-method> <!-- setup -->
        <test-method signature="verify_login()[pri:0, instance:testCases.TC002_LoginTest@12bcd0c0]" started-at="2024-08-28T12:04:16 IST" name="verify_login" finished-at="2024-08-28T12:04:18 IST" duration-ms="2015" status="PASS">
          <reporter-output>
          </reporter-output>
        </test-method> <!-- verify_login -->
        <test-method is-config="true" signature="tearDown()[pri:0, instance:testCases.TC002_LoginTest@12bcd0c0]" started-at="2024-08-28T12:04:18 IST" name="tearDown" finished-at="2024-08-28T12:04:18 IST" duration-ms="317" status="PASS">
          <reporter-output>
          </reporter-output>
        </test-method> <!-- tearDown -->
      </class> <!-- testCases.TC002_LoginTest -->
      <class name="testCases.TC001_AccountRegistionTest">
        <test-method is-config="true" signature="setup(java.lang.String,java.lang.String)[pri:0, instance:testCases.TC001_AccountRegistionTest@306851c7]" started-at="2024-08-28T12:03:57 IST" name="setup" finished-at="2024-08-28T12:04:07 IST" duration-ms="9984" status="PASS">
          <params>
            <param index="0">
              <value>
                <![CDATA[Windows]]>
              </value>
            </param>
            <param index="1">
              <value>
                <![CDATA[chrome]]>
              </value>
            </param>
          </params>
          <reporter-output>
          </reporter-output>
        </test-method> <!-- setup -->
        <test-method signature="verify_account_registration()[pri:0, instance:testCases.TC001_AccountRegistionTest@306851c7]" started-at="2024-08-28T12:04:07 IST" name="verify_account_registration" finished-at="2024-08-28T12:04:11 IST" duration-ms="3677" status="PASS">
          <reporter-output>
          </reporter-output>
        </test-method> <!-- verify_account_registration -->
        <test-method is-config="true" signature="tearDown()[pri:0, instance:testCases.TC001_AccountRegistionTest@306851c7]" started-at="2024-08-28T12:04:11 IST" name="tearDown" finished-at="2024-08-28T12:04:11 IST" duration-ms="689" status="PASS">
          <reporter-output>
          </reporter-output>
        </test-method> <!-- tearDown -->
      </class> <!-- testCases.TC001_AccountRegistionTest -->
    </test> <!-- Test -->
  </suite> <!-- Master Suite -->
</testng-results>
